<?xml version="1.0" encoding="UTF-8"?>
<!-- Generated by org.testng.reporters.JUnitReportReporter -->
<testsuite hostname="LAPTOP-74GN0S3O" failures="0" tests="1" name="mymainproject.HackerRank" time="24.796" errors="0" timestamp="2023-11-01T20:19:30 IST" skipped="0">
  <testcase classname="mymainproject.HackerRank" name="hackerrankcontactus" time="24.796"/>
</testsuite> <!-- mymainproject.HackerRank -->
