<?xml version="1.0" encoding="UTF-8"?>
<!-- Generated by org.testng.reporters.JUnitReportReporter -->
<testsuite hostname="LAPTOP-74GN0S3O" failures="0" tests="1" name="mymainprojecttest.RegisterTest" time="47.802" errors="0" timestamp="2023-11-02T21:40:36 IST" skipped="0">
  <testcase classname="mymainprojecttest.RegisterTest" name="TestnopregistrationForm" time="47.802"/>
</testsuite> <!-- mymainprojecttest.RegisterTest -->
