<?xml version="1.0" encoding="UTF-8"?>
<!-- Generated by org.testng.reporters.JUnitReportReporter -->
<testsuite hostname="LAPTOP-74GN0S3O" failures="0" tests="1" name="mymainproject.noplogin" time="23.484" errors="0" timestamp="2023-11-01T18:02:13 IST" skipped="0">
  <testcase classname="mymainproject.noplogin" name="TestNopcmrceLogin" time="23.484"/>
</testsuite> <!-- mymainproject.noplogin -->
