<?xml version="1.0" encoding="UTF-8"?>
<!-- Generated by org.testng.reporters.JUnitReportReporter -->
<testsuite hostname="LAPTOP-74GN0S3O" failures="0" tests="1" name="mymainprojecttest.SearchTest" time="23.387" errors="0" timestamp="2023-11-02T21:42:11 IST" skipped="0">
  <testcase classname="mymainprojecttest.SearchTest" name="searchitems" time="23.387"/>
</testsuite> <!-- mymainprojecttest.SearchTest -->
