<?xml version="1.0" encoding="UTF-8"?>
<!-- Generated by org.testng.reporters.JUnitReportReporter -->
<testsuite hostname="LAPTOP-74GN0S3O" failures="0" tests="1" name="mymainproject.Blacedemo" time="37.680" errors="0" timestamp="2023-11-02T19:08:35 IST" skipped="0">
  <testcase classname="mymainproject.Blacedemo" name="blacedemoflightchart" time="37.680"/>
</testsuite> <!-- mymainproject.Blacedemo -->
