<?xml version="1.0" encoding="UTF-8"?>
<!-- Generated by org.testng.reporters.JUnitReportReporter -->
<testsuite hostname="LAPTOP-74GN0S3O" failures="0" tests="1" name="mymainproject.Nopreggg" time="49.920" errors="0" timestamp="2023-11-01T17:14:05 IST" skipped="0">
  <testcase classname="mymainproject.Nopreggg" name="TestnopregistrationForm" time="49.920"/>
</testsuite> <!-- mymainproject.Nopreggg -->
