<?xml version="1.0" encoding="UTF-8"?>
<!-- Generated by org.testng.reporters.JUnitReportReporter -->
<testsuite hostname="LAPTOP-74GN0S3O" failures="0" tests="1" name="mymainproject.NopSearch" time="57.943" errors="0" timestamp="2023-11-02T20:02:31 IST" skipped="0">
  <testcase classname="mymainproject.NopSearch" name="searchitems" time="57.943"/>
</testsuite> <!-- mymainproject.NopSearch -->
