<?xml version="1.0" encoding="UTF-8"?>
<!-- Generated by org.testng.reporters.JUnitReportReporter -->
<testsuite hostname="LAPTOP-74GN0S3O" failures="0" tests="1" name="mymainprojecttest.FlightTest" time="31.189" errors="0" timestamp="2023-11-02T21:43:33 IST" skipped="0">
  <testcase classname="mymainprojecttest.FlightTest" name="blacedemoflightchart" time="31.189"/>
</testsuite> <!-- mymainprojecttest.FlightTest -->
