<?xml version="1.0" encoding="UTF-8"?>
<!-- Generated by org.testng.reporters.JUnitReportReporter -->
<testsuite hostname="LAPTOP-74GN0S3O" failures="0" tests="1" name="mymainprojecttest.LoginTest" time="26.911" errors="0" timestamp="2023-11-02T21:38:39 IST" skipped="0">
  <testcase classname="mymainprojecttest.LoginTest" name="TestNopcmrceLogin" time="26.911"/>
</testsuite> <!-- mymainprojecttest.LoginTest -->
